<?xml version="1.0" encoding="UTF-8"?>
<!-- Generated by org.testng.reporters.JUnitReportReporter -->
<testsuite hostname="DESKTOP-6MMKR3C" failures="0" tests="1" name="Grow.Grow.AppTest" time="0.010" errors="0" timestamp="2024-08-01T20:13:53 IST" skipped="0">
  <testcase classname="Grow.Grow.AppTest" name="shouldAnswerWithTrue" time="0.010"/>
</testsuite> <!-- Grow.Grow.AppTest -->
