<?xml version="1.0" encoding="UTF-8"?>
<!-- Generated by org.testng.reporters.JUnitReportReporter -->
<testsuite hostname="DESKTOP-6MMKR3C" failures="0" tests="1" name="Grow.Grow.AppTest" time="0.008" errors="0" timestamp="2024-08-01T19:56:51 IST" skipped="0">
  <testcase classname="Grow.Grow.AppTest" name="shouldAnswerWithTrue" time="0.008"/>
</testsuite> <!-- Grow.Grow.AppTest -->
